2026-02-26 00:15:27.747  INFO 20004 --- [restartedMain] c.l.l.a.AdminServiceApplication          : Starting AdminServiceApplication using Java 1.8.0_461 on Sudarshan with PID 20004 (D:\Project\Loan App\AdminService\target\classes started by sudar in D:\Project\Loan App\AdminService)
2026-02-26 00:15:27.764  INFO 20004 --- [restartedMain] c.l.l.a.AdminServiceApplication          : No active profile set, falling back to 1 default profile: "default"
2026-02-26 00:15:27.885  INFO 20004 --- [restartedMain] .e.DevToolsPropertyDefaultsPostProcessor : Devtools property defaults active! Set 'spring.devtools.add-properties' to 'false' to disable
2026-02-26 00:15:27.885  INFO 20004 --- [restartedMain] .e.DevToolsPropertyDefaultsPostProcessor : For additional web related logging consider setting the 'logging.level.web' property to 'DEBUG'
2026-02-26 00:15:30.171  INFO 20004 --- [restartedMain] .s.d.r.c.RepositoryConfigurationDelegate : Bootstrapping Spring Data JPA repositories in DEFAULT mode.
2026-02-26 00:15:30.291  INFO 20004 --- [restartedMain] .s.d.r.c.RepositoryConfigurationDelegate : Finished Spring Data repository scanning in 102 ms. Found 1 JPA repository interfaces.
2026-02-26 00:15:30.804  INFO 20004 --- [restartedMain] o.s.cloud.context.scope.GenericScope     : BeanFactory id=e79af1d5-40b4-3b01-bb5c-f74b63c65caf
2026-02-26 00:15:32.038  INFO 20004 --- [restartedMain] o.s.b.w.embedded.tomcat.TomcatWebServer  : Tomcat initialized with port(s): 3002 (http)
2026-02-26 00:15:32.050  INFO 20004 --- [restartedMain] o.apache.catalina.core.StandardService   : Starting service [Tomcat]
2026-02-26 00:15:32.051  INFO 20004 --- [restartedMain] org.apache.catalina.core.StandardEngine  : Starting Servlet engine: [Apache Tomcat/9.0.78]
2026-02-26 00:15:32.241  INFO 20004 --- [restartedMain] o.a.c.c.C.[Tomcat].[localhost].[/]       : Initializing Spring embedded WebApplicationContext
2026-02-26 00:15:32.241  INFO 20004 --- [restartedMain] w.s.c.ServletWebServerApplicationContext : Root WebApplicationContext: initialization completed in 4354 ms
2026-02-26 00:15:32.758  INFO 20004 --- [restartedMain] o.hibernate.jpa.internal.util.LogHelper  : HHH000204: Processing PersistenceUnitInfo [name: default]
2026-02-26 00:15:32.881  INFO 20004 --- [restartedMain] org.hibernate.Version                    : HHH000412: Hibernate ORM core version 5.6.15.Final
2026-02-26 00:15:33.212  INFO 20004 --- [restartedMain] o.hibernate.annotations.common.Version   : HCANN000001: Hibernate Commons Annotations {5.1.2.Final}
2026-02-26 00:15:33.403  INFO 20004 --- [restartedMain] com.zaxxer.hikari.HikariDataSource       : HikariPool-1 - Starting...
2026-02-26 00:15:34.957  INFO 20004 --- [restartedMain] com.zaxxer.hikari.HikariDataSource       : HikariPool-1 - Start completed.
2026-02-26 00:15:34.984  INFO 20004 --- [restartedMain] org.hibernate.dialect.Dialect            : HHH000400: Using dialect: org.hibernate.dialect.MySQL57Dialect
2026-02-26 00:15:36.151  INFO 20004 --- [restartedMain] o.h.e.t.j.p.i.JtaPlatformInitiator       : HHH000490: Using JtaPlatform implementation: [org.hibernate.engine.transaction.jta.platform.internal.NoJtaPlatform]
2026-02-26 00:15:36.174  INFO 20004 --- [restartedMain] j.LocalContainerEntityManagerFactoryBean : Initialized JPA EntityManagerFactory for persistence unit 'default'
2026-02-26 00:15:36.919  WARN 20004 --- [restartedMain] JpaBaseConfiguration$JpaWebConfiguration : spring.jpa.open-in-view is enabled by default. Therefore, database queries may be performed during view rendering. Explicitly configure spring.jpa.open-in-view to disable this warning
2026-02-26 00:15:39.787  WARN 20004 --- [restartedMain] o.s.b.d.a.OptionalLiveReloadServer       : Unable to start LiveReload server
2026-02-26 00:15:40.836  INFO 20004 --- [restartedMain] DiscoveryClientOptionalArgsConfiguration : Eureka HTTP Client uses Jersey
2026-02-26 00:15:40.997  WARN 20004 --- [restartedMain] iguration$LoadBalancerCaffeineWarnLogger : Spring Cloud LoadBalancer is currently working with the default cache. While this cache implementation is useful for development and tests, it's recommended to use Caffeine cache in production.You can switch to using Caffeine cache, by adding it and org.springframework.cache.caffeine.CaffeineCacheManager to the classpath.
2026-02-26 00:15:41.011  INFO 20004 --- [restartedMain] o.s.b.a.e.web.EndpointLinksResolver      : Exposing 1 endpoint(s) beneath base path '/actuator'
2026-02-26 00:15:41.175  INFO 20004 --- [restartedMain] o.s.c.n.eureka.InstanceInfoFactory       : Setting initial instance status as: STARTING
2026-02-26 00:15:41.231  INFO 20004 --- [restartedMain] com.netflix.discovery.DiscoveryClient    : Initializing Eureka in region us-east-1
2026-02-26 00:15:41.363  INFO 20004 --- [restartedMain] c.n.d.provider.DiscoveryJerseyProvider   : Using JSON encoding codec LegacyJacksonJson
2026-02-26 00:15:41.364  INFO 20004 --- [restartedMain] c.n.d.provider.DiscoveryJerseyProvider   : Using JSON decoding codec LegacyJacksonJson
2026-02-26 00:15:41.578  INFO 20004 --- [restartedMain] c.n.d.provider.DiscoveryJerseyProvider   : Using XML encoding codec XStreamXml
2026-02-26 00:15:41.579  INFO 20004 --- [restartedMain] c.n.d.provider.DiscoveryJerseyProvider   : Using XML decoding codec XStreamXml
2026-02-26 00:15:42.018  INFO 20004 --- [restartedMain] c.n.d.s.r.aws.ConfigClusterResolver      : Resolving eureka endpoints via configuration
2026-02-26 00:15:42.045  INFO 20004 --- [restartedMain] com.netflix.discovery.DiscoveryClient    : Disable delta property : false
2026-02-26 00:15:42.046  INFO 20004 --- [restartedMain] com.netflix.discovery.DiscoveryClient    : Single vip registry refresh property : null
2026-02-26 00:15:42.046  INFO 20004 --- [restartedMain] com.netflix.discovery.DiscoveryClient    : Force full registry fetch : false
2026-02-26 00:15:42.046  INFO 20004 --- [restartedMain] com.netflix.discovery.DiscoveryClient    : Application is null : false
2026-02-26 00:15:42.046  INFO 20004 --- [restartedMain] com.netflix.discovery.DiscoveryClient    : Registered Applications size is zero : true
2026-02-26 00:15:42.046  INFO 20004 --- [restartedMain] com.netflix.discovery.DiscoveryClient    : Application version is -1: true
2026-02-26 00:15:42.047  INFO 20004 --- [restartedMain] com.netflix.discovery.DiscoveryClient    : Getting all instance registry info from the eureka server
2026-02-26 00:15:42.413  INFO 20004 --- [restartedMain] com.netflix.discovery.DiscoveryClient    : The response status is 200
2026-02-26 00:15:42.419  INFO 20004 --- [restartedMain] com.netflix.discovery.DiscoveryClient    : Starting heartbeat executor: renew interval is: 30
2026-02-26 00:15:42.427  INFO 20004 --- [restartedMain] c.n.discovery.InstanceInfoReplicator     : InstanceInfoReplicator onDemand update allowed rate per min is 4
2026-02-26 00:15:42.434  INFO 20004 --- [restartedMain] com.netflix.discovery.DiscoveryClient    : Discovery Client initialized at timestamp 1772045142432 with initial instances count: 1
2026-02-26 00:15:42.438  INFO 20004 --- [restartedMain] o.s.c.n.e.s.EurekaServiceRegistry        : Registering application ADMINSERVICE with eureka with status UP
2026-02-26 00:15:42.439  INFO 20004 --- [restartedMain] com.netflix.discovery.DiscoveryClient    : Saw local status change event StatusChangeEvent [timestamp=1772045142439, current=UP, previous=STARTING]
2026-02-26 00:15:42.443  INFO 20004 --- [DiscoveryClient-InstanceInfoReplicator-0] com.netflix.discovery.DiscoveryClient    : DiscoveryClient_ADMINSERVICE/Sudarshan:AdminService:3002: registering service...
2026-02-26 00:15:42.490  INFO 20004 --- [restartedMain] o.s.b.w.embedded.tomcat.TomcatWebServer  : Tomcat started on port(s): 3002 (http) with context path ''
2026-02-26 00:15:42.492  INFO 20004 --- [restartedMain] .s.c.n.e.s.EurekaAutoServiceRegistration : Updating port to 3002
2026-02-26 00:15:42.521  INFO 20004 --- [DiscoveryClient-InstanceInfoReplicator-0] com.netflix.discovery.DiscoveryClient    : DiscoveryClient_ADMINSERVICE/Sudarshan:AdminService:3002 - registration status: 204
2026-02-26 00:15:43.530  INFO 20004 --- [restartedMain] c.l.l.a.AdminServiceApplication          : Started AdminServiceApplication in 17.699 seconds (JVM running for 19.746)
2026-02-26 00:20:42.066  INFO 20004 --- [AsyncResolver-bootstrap-executor-0] c.n.d.s.r.aws.ConfigClusterResolver      : Resolving eureka endpoints via configuration
2026-02-26 00:22:57.644  INFO 20004 --- [http-nio-3002-exec-1] o.a.c.c.C.[Tomcat].[localhost].[/]       : Initializing Spring DispatcherServlet 'dispatcherServlet'
2026-02-26 00:22:57.644  INFO 20004 --- [http-nio-3002-exec-1] o.s.web.servlet.DispatcherServlet        : Initializing Servlet 'dispatcherServlet'
2026-02-26 00:22:57.683  INFO 20004 --- [http-nio-3002-exec-1] o.s.web.servlet.DispatcherServlet        : Completed initialization in 39 ms
2026-02-26 00:25:26.566  INFO 20004 --- [RMI TCP Connection(2)-127.0.0.1] inMXBeanRegistrar$SpringApplicationAdmin : Application shutdown requested.
2026-02-26 00:25:26.572  INFO 20004 --- [RMI TCP Connection(2)-127.0.0.1] o.s.c.n.e.s.EurekaServiceRegistry        : Unregistering application ADMINSERVICE with eureka with status DOWN
2026-02-26 00:25:26.572  INFO 20004 --- [RMI TCP Connection(2)-127.0.0.1] com.netflix.discovery.DiscoveryClient    : Saw local status change event StatusChangeEvent [timestamp=1772045726572, current=DOWN, previous=UP]
2026-02-26 00:25:26.573  INFO 20004 --- [DiscoveryClient-InstanceInfoReplicator-0] com.netflix.discovery.DiscoveryClient    : DiscoveryClient_ADMINSERVICE/Sudarshan:AdminService:3002: registering service...
2026-02-26 00:25:26.594  INFO 20004 --- [DiscoveryClient-InstanceInfoReplicator-0] com.netflix.discovery.DiscoveryClient    : DiscoveryClient_ADMINSERVICE/Sudarshan:AdminService:3002 - registration status: 204
2026-02-26 00:25:27.147  INFO 20004 --- [RMI TCP Connection(2)-127.0.0.1] o.apache.catalina.core.StandardService   : Stopping service [Tomcat]
2026-02-26 00:25:27.151  INFO 20004 --- [RMI TCP Connection(2)-127.0.0.1] o.a.c.c.C.[Tomcat].[localhost].[/]       : Destroying Spring FrameworkServlet 'dispatcherServlet'
2026-02-26 00:25:27.185  INFO 20004 --- [RMI TCP Connection(2)-127.0.0.1] j.LocalContainerEntityManagerFactoryBean : Closing JPA EntityManagerFactory for persistence unit 'default'
2026-02-26 00:25:27.212  INFO 20004 --- [RMI TCP Connection(2)-127.0.0.1] com.zaxxer.hikari.HikariDataSource       : HikariPool-1 - Shutdown initiated...
2026-02-26 00:25:27.253  INFO 20004 --- [RMI TCP Connection(2)-127.0.0.1] com.zaxxer.hikari.HikariDataSource       : HikariPool-1 - Shutdown completed.
2026-02-26 00:25:27.256  INFO 20004 --- [RMI TCP Connection(2)-127.0.0.1] com.netflix.discovery.DiscoveryClient    : Shutting down DiscoveryClient ...
2026-02-26 00:25:30.275  INFO 20004 --- [RMI TCP Connection(2)-127.0.0.1] com.netflix.discovery.DiscoveryClient    : Unregistering ...
2026-02-26 00:25:30.292  INFO 20004 --- [RMI TCP Connection(2)-127.0.0.1] com.netflix.discovery.DiscoveryClient    : DiscoveryClient_ADMINSERVICE/Sudarshan:AdminService:3002 - deregister  status: 200
2026-02-26 00:25:30.323  INFO 20004 --- [RMI TCP Connection(2)-127.0.0.1] com.netflix.discovery.DiscoveryClient    : Completed shut down of DiscoveryClient
