2026-02-13 13:08:04.772  INFO 10416 --- [restartedMain] c.l.l.c.CustomerServiceApplication       : Starting CustomerServiceApplication using Java 1.8.0_461 on Sudarshan with PID 10416 (D:\Project\Loan App\CustomerService\target\classes started by sudar in D:\Project\Loan App\CustomerService)
2026-02-13 13:08:04.780  INFO 10416 --- [restartedMain] c.l.l.c.CustomerServiceApplication       : No active profile set, falling back to 1 default profile: "default"
2026-02-13 13:08:04.860  INFO 10416 --- [restartedMain] .e.DevToolsPropertyDefaultsPostProcessor : Devtools property defaults active! Set 'spring.devtools.add-properties' to 'false' to disable
2026-02-13 13:08:04.860  INFO 10416 --- [restartedMain] .e.DevToolsPropertyDefaultsPostProcessor : For additional web related logging consider setting the 'logging.level.web' property to 'DEBUG'
2026-02-13 13:08:06.761  INFO 10416 --- [restartedMain] .s.d.r.c.RepositoryConfigurationDelegate : Bootstrapping Spring Data JPA repositories in DEFAULT mode.
2026-02-13 13:08:06.873  INFO 10416 --- [restartedMain] .s.d.r.c.RepositoryConfigurationDelegate : Finished Spring Data repository scanning in 95 ms. Found 2 JPA repository interfaces.
2026-02-13 13:08:07.279  INFO 10416 --- [restartedMain] o.s.cloud.context.scope.GenericScope     : BeanFactory id=e3b4c773-8625-3115-8d38-6a4080a10c51
2026-02-13 13:08:08.358  INFO 10416 --- [restartedMain] o.s.b.w.embedded.tomcat.TomcatWebServer  : Tomcat initialized with port(s): 3001 (http)
2026-02-13 13:08:08.362  INFO 10416 --- [restartedMain] o.apache.catalina.core.StandardService   : Starting service [Tomcat]
2026-02-13 13:08:08.362  INFO 10416 --- [restartedMain] org.apache.catalina.core.StandardEngine  : Starting Servlet engine: [Apache Tomcat/9.0.78]
2026-02-13 13:08:08.523  INFO 10416 --- [restartedMain] o.a.c.c.C.[Tomcat].[localhost].[/]       : Initializing Spring embedded WebApplicationContext
2026-02-13 13:08:08.523  INFO 10416 --- [restartedMain] w.s.c.ServletWebServerApplicationContext : Root WebApplicationContext: initialization completed in 3658 ms
2026-02-13 13:08:08.969  INFO 10416 --- [restartedMain] o.hibernate.jpa.internal.util.LogHelper  : HHH000204: Processing PersistenceUnitInfo [name: default]
2026-02-13 13:08:09.036  INFO 10416 --- [restartedMain] org.hibernate.Version                    : HHH000412: Hibernate ORM core version 5.6.15.Final
2026-02-13 13:08:09.228  INFO 10416 --- [restartedMain] o.hibernate.annotations.common.Version   : HCANN000001: Hibernate Commons Annotations {5.1.2.Final}
2026-02-13 13:08:09.402  INFO 10416 --- [restartedMain] com.zaxxer.hikari.HikariDataSource       : HikariPool-1 - Starting...
2026-02-13 13:08:10.814  INFO 10416 --- [restartedMain] com.zaxxer.hikari.HikariDataSource       : HikariPool-1 - Start completed.
2026-02-13 13:08:10.835  INFO 10416 --- [restartedMain] org.hibernate.dialect.Dialect            : HHH000400: Using dialect: org.hibernate.dialect.MySQL57Dialect
2026-02-13 13:08:11.902  INFO 10416 --- [restartedMain] o.h.e.t.j.p.i.JtaPlatformInitiator       : HHH000490: Using JtaPlatform implementation: [org.hibernate.engine.transaction.jta.platform.internal.NoJtaPlatform]
2026-02-13 13:08:11.914  INFO 10416 --- [restartedMain] j.LocalContainerEntityManagerFactoryBean : Initialized JPA EntityManagerFactory for persistence unit 'default'
2026-02-13 13:08:12.783  WARN 10416 --- [restartedMain] JpaBaseConfiguration$JpaWebConfiguration : spring.jpa.open-in-view is enabled by default. Therefore, database queries may be performed during view rendering. Explicitly configure spring.jpa.open-in-view to disable this warning
2026-02-13 13:08:14.940  WARN 10416 --- [restartedMain] o.s.b.d.a.OptionalLiveReloadServer       : Unable to start LiveReload server
2026-02-13 13:08:15.826  INFO 10416 --- [restartedMain] DiscoveryClientOptionalArgsConfiguration : Eureka HTTP Client uses Jersey
2026-02-13 13:08:15.935  WARN 10416 --- [restartedMain] iguration$LoadBalancerCaffeineWarnLogger : Spring Cloud LoadBalancer is currently working with the default cache. While this cache implementation is useful for development and tests, it's recommended to use Caffeine cache in production.You can switch to using Caffeine cache, by adding it and org.springframework.cache.caffeine.CaffeineCacheManager to the classpath.
2026-02-13 13:08:15.945  INFO 10416 --- [restartedMain] o.s.b.a.e.web.EndpointLinksResolver      : Exposing 1 endpoint(s) beneath base path '/actuator'
2026-02-13 13:08:16.075  INFO 10416 --- [restartedMain] o.s.c.n.eureka.InstanceInfoFactory       : Setting initial instance status as: STARTING
2026-02-13 13:08:16.142  INFO 10416 --- [restartedMain] com.netflix.discovery.DiscoveryClient    : Initializing Eureka in region us-east-1
2026-02-13 13:08:16.273  INFO 10416 --- [restartedMain] c.n.d.provider.DiscoveryJerseyProvider   : Using JSON encoding codec LegacyJacksonJson
2026-02-13 13:08:16.273  INFO 10416 --- [restartedMain] c.n.d.provider.DiscoveryJerseyProvider   : Using JSON decoding codec LegacyJacksonJson
2026-02-13 13:08:16.457  INFO 10416 --- [restartedMain] c.n.d.provider.DiscoveryJerseyProvider   : Using XML encoding codec XStreamXml
2026-02-13 13:08:16.457  INFO 10416 --- [restartedMain] c.n.d.provider.DiscoveryJerseyProvider   : Using XML decoding codec XStreamXml
2026-02-13 13:08:16.726  INFO 10416 --- [restartedMain] c.n.d.s.r.aws.ConfigClusterResolver      : Resolving eureka endpoints via configuration
2026-02-13 13:08:16.758  INFO 10416 --- [restartedMain] com.netflix.discovery.DiscoveryClient    : Disable delta property : false
2026-02-13 13:08:16.758  INFO 10416 --- [restartedMain] com.netflix.discovery.DiscoveryClient    : Single vip registry refresh property : null
2026-02-13 13:08:16.758  INFO 10416 --- [restartedMain] com.netflix.discovery.DiscoveryClient    : Force full registry fetch : false
2026-02-13 13:08:16.758  INFO 10416 --- [restartedMain] com.netflix.discovery.DiscoveryClient    : Application is null : false
2026-02-13 13:08:16.758  INFO 10416 --- [restartedMain] com.netflix.discovery.DiscoveryClient    : Registered Applications size is zero : true
2026-02-13 13:08:16.758  INFO 10416 --- [restartedMain] com.netflix.discovery.DiscoveryClient    : Application version is -1: true
2026-02-13 13:08:16.758  INFO 10416 --- [restartedMain] com.netflix.discovery.DiscoveryClient    : Getting all instance registry info from the eureka server
2026-02-13 13:08:17.130  INFO 10416 --- [restartedMain] com.netflix.discovery.DiscoveryClient    : The response status is 200
2026-02-13 13:08:17.138  INFO 10416 --- [restartedMain] com.netflix.discovery.DiscoveryClient    : Starting heartbeat executor: renew interval is: 30
2026-02-13 13:08:17.140  INFO 10416 --- [restartedMain] c.n.discovery.InstanceInfoReplicator     : InstanceInfoReplicator onDemand update allowed rate per min is 4
2026-02-13 13:08:17.149  INFO 10416 --- [restartedMain] com.netflix.discovery.DiscoveryClient    : Discovery Client initialized at timestamp 1770968297144 with initial instances count: 0
2026-02-13 13:08:17.154  INFO 10416 --- [restartedMain] o.s.c.n.e.s.EurekaServiceRegistry        : Registering application CUSTOMERSERVICE with eureka with status UP
2026-02-13 13:08:17.154  INFO 10416 --- [restartedMain] com.netflix.discovery.DiscoveryClient    : Saw local status change event StatusChangeEvent [timestamp=1770968297154, current=UP, previous=STARTING]
2026-02-13 13:08:17.157  INFO 10416 --- [DiscoveryClient-InstanceInfoReplicator-0] com.netflix.discovery.DiscoveryClient    : DiscoveryClient_CUSTOMERSERVICE/Sudarshan:CustomerService:3001: registering service...
2026-02-13 13:08:17.201  INFO 10416 --- [restartedMain] o.s.b.w.embedded.tomcat.TomcatWebServer  : Tomcat started on port(s): 3001 (http) with context path ''
2026-02-13 13:08:17.201  INFO 10416 --- [restartedMain] .s.c.n.e.s.EurekaAutoServiceRegistration : Updating port to 3001
2026-02-13 13:08:17.355  INFO 10416 --- [DiscoveryClient-InstanceInfoReplicator-0] com.netflix.discovery.DiscoveryClient    : DiscoveryClient_CUSTOMERSERVICE/Sudarshan:CustomerService:3001 - registration status: 204
2026-02-13 13:08:18.217  INFO 10416 --- [restartedMain] c.l.l.c.CustomerServiceApplication       : Started CustomerServiceApplication in 14.998 seconds (JVM running for 16.851)
2026-02-13 13:08:47.148  INFO 10416 --- [DiscoveryClient-CacheRefreshExecutor-0] com.netflix.discovery.DiscoveryClient    : Disable delta property : false
2026-02-13 13:08:47.150  INFO 10416 --- [DiscoveryClient-CacheRefreshExecutor-0] com.netflix.discovery.DiscoveryClient    : Single vip registry refresh property : null
2026-02-13 13:08:47.150  INFO 10416 --- [DiscoveryClient-CacheRefreshExecutor-0] com.netflix.discovery.DiscoveryClient    : Force full registry fetch : false
2026-02-13 13:08:47.150  INFO 10416 --- [DiscoveryClient-CacheRefreshExecutor-0] com.netflix.discovery.DiscoveryClient    : Application is null : false
2026-02-13 13:08:47.150  INFO 10416 --- [DiscoveryClient-CacheRefreshExecutor-0] com.netflix.discovery.DiscoveryClient    : Registered Applications size is zero : true
2026-02-13 13:08:47.150  INFO 10416 --- [DiscoveryClient-CacheRefreshExecutor-0] com.netflix.discovery.DiscoveryClient    : Application version is -1: false
2026-02-13 13:08:47.150  INFO 10416 --- [DiscoveryClient-CacheRefreshExecutor-0] com.netflix.discovery.DiscoveryClient    : Getting all instance registry info from the eureka server
2026-02-13 13:08:47.292  INFO 10416 --- [DiscoveryClient-CacheRefreshExecutor-0] com.netflix.discovery.DiscoveryClient    : The response status is 200
2026-02-13 13:10:55.273  INFO 10416 --- [http-nio-3001-exec-2] o.a.c.c.C.[Tomcat].[localhost].[/]       : Initializing Spring DispatcherServlet 'dispatcherServlet'
2026-02-13 13:10:55.273  INFO 10416 --- [http-nio-3001-exec-2] o.s.web.servlet.DispatcherServlet        : Initializing Servlet 'dispatcherServlet'
2026-02-13 13:10:55.275  INFO 10416 --- [http-nio-3001-exec-2] o.s.web.servlet.DispatcherServlet        : Completed initialization in 2 ms
2026-02-13 13:10:55.359  INFO 10416 --- [http-nio-3001-exec-2] c.l.l.c.controller.RegisterController    : In Customer Controller Start
2026-02-13 13:10:55.359  INFO 10416 --- [http-nio-3001-exec-2] c.l.l.c.service.CustomerServiceImpl      : In customer impl getting by email start
2026-02-13 13:10:55.833  INFO 10416 --- [http-nio-3001-exec-2] c.l.l.c.service.CustomerServiceImpl      : Customer found with email: sudarshantakate@gmail.com
2026-02-13 13:10:55.837  INFO 10416 --- [http-nio-3001-exec-2] c.l.l.c.controller.RegisterController    : In Customer Controller End
2026-02-13 13:11:37.972  INFO 10416 --- [File Watcher] rtingClassPathChangeChangedEventListener : Restarting due to 1 class path change (0 additions, 0 deletions, 1 modification)
2026-02-13 13:11:37.981  INFO 10416 --- [Thread-2] o.s.c.n.e.s.EurekaServiceRegistry        : Unregistering application CUSTOMERSERVICE with eureka with status DOWN
2026-02-13 13:11:37.981  INFO 10416 --- [Thread-2] com.netflix.discovery.DiscoveryClient    : Saw local status change event StatusChangeEvent [timestamp=1770968497981, current=DOWN, previous=UP]
2026-02-13 13:11:37.981  INFO 10416 --- [DiscoveryClient-InstanceInfoReplicator-0] com.netflix.discovery.DiscoveryClient    : DiscoveryClient_CUSTOMERSERVICE/Sudarshan:CustomerService:3001: registering service...
2026-02-13 13:11:37.997  INFO 10416 --- [DiscoveryClient-InstanceInfoReplicator-0] com.netflix.discovery.DiscoveryClient    : DiscoveryClient_CUSTOMERSERVICE/Sudarshan:CustomerService:3001 - registration status: 204
2026-02-13 13:11:38.517  INFO 10416 --- [Thread-2] o.apache.catalina.core.StandardService   : Stopping service [Tomcat]
2026-02-13 13:11:38.527  INFO 10416 --- [Thread-2] o.a.c.c.C.[Tomcat].[localhost].[/]       : Destroying Spring FrameworkServlet 'dispatcherServlet'
2026-02-13 13:11:38.553  INFO 10416 --- [Thread-2] j.LocalContainerEntityManagerFactoryBean : Closing JPA EntityManagerFactory for persistence unit 'default'
2026-02-13 13:11:38.558  INFO 10416 --- [Thread-2] com.zaxxer.hikari.HikariDataSource       : HikariPool-1 - Shutdown initiated...
2026-02-13 13:11:38.585  INFO 10416 --- [Thread-2] com.zaxxer.hikari.HikariDataSource       : HikariPool-1 - Shutdown completed.
2026-02-13 13:11:38.591  INFO 10416 --- [Thread-2] com.netflix.discovery.DiscoveryClient    : Shutting down DiscoveryClient ...
2026-02-13 13:11:41.597  INFO 10416 --- [Thread-2] com.netflix.discovery.DiscoveryClient    : Unregistering ...
2026-02-13 13:11:41.627  INFO 10416 --- [Thread-2] com.netflix.discovery.DiscoveryClient    : DiscoveryClient_CUSTOMERSERVICE/Sudarshan:CustomerService:3001 - deregister  status: 200
2026-02-13 13:11:41.645  INFO 10416 --- [Thread-2] com.netflix.discovery.DiscoveryClient    : Completed shut down of DiscoveryClient
2026-02-13 13:11:42.890  INFO 10416 --- [restartedMain] c.l.l.c.CustomerServiceApplication       : Starting CustomerServiceApplication using Java 1.8.0_461 on Sudarshan with PID 10416 (D:\Project\Loan App\CustomerService\target\classes started by sudar in D:\Project\Loan App\CustomerService)
2026-02-13 13:11:42.890  INFO 10416 --- [restartedMain] c.l.l.c.CustomerServiceApplication       : No active profile set, falling back to 1 default profile: "default"
2026-02-13 13:11:43.667  INFO 10416 --- [restartedMain] .s.d.r.c.RepositoryConfigurationDelegate : Bootstrapping Spring Data JPA repositories in DEFAULT mode.
2026-02-13 13:11:43.698  INFO 10416 --- [restartedMain] .s.d.r.c.RepositoryConfigurationDelegate : Finished Spring Data repository scanning in 31 ms. Found 2 JPA repository interfaces.
2026-02-13 13:11:43.824  INFO 10416 --- [restartedMain] o.s.cloud.context.scope.GenericScope     : BeanFactory id=e3b4c773-8625-3115-8d38-6a4080a10c51
2026-02-13 13:11:43.975  INFO 10416 --- [restartedMain] o.s.b.w.embedded.tomcat.TomcatWebServer  : Tomcat initialized with port(s): 3001 (http)
2026-02-13 13:11:43.978  INFO 10416 --- [restartedMain] o.apache.catalina.core.StandardService   : Starting service [Tomcat]
2026-02-13 13:11:43.979  INFO 10416 --- [restartedMain] org.apache.catalina.core.StandardEngine  : Starting Servlet engine: [Apache Tomcat/9.0.78]
2026-02-13 13:11:44.002  INFO 10416 --- [restartedMain] o.a.c.c.C.[Tomcat].[localhost].[/]       : Initializing Spring embedded WebApplicationContext
2026-02-13 13:11:44.002  INFO 10416 --- [restartedMain] w.s.c.ServletWebServerApplicationContext : Root WebApplicationContext: initialization completed in 1104 ms
2026-02-13 13:11:44.123  INFO 10416 --- [restartedMain] o.hibernate.jpa.internal.util.LogHelper  : HHH000204: Processing PersistenceUnitInfo [name: default]
2026-02-13 13:11:44.138  INFO 10416 --- [restartedMain] com.zaxxer.hikari.HikariDataSource       : HikariPool-2 - Starting...
2026-02-13 13:11:44.171  INFO 10416 --- [restartedMain] com.zaxxer.hikari.HikariDataSource       : HikariPool-2 - Start completed.
2026-02-13 13:11:44.171  INFO 10416 --- [restartedMain] org.hibernate.dialect.Dialect            : HHH000400: Using dialect: org.hibernate.dialect.MySQL57Dialect
2026-02-13 13:11:44.284  INFO 10416 --- [restartedMain] o.h.e.t.j.p.i.JtaPlatformInitiator       : HHH000490: Using JtaPlatform implementation: [org.hibernate.engine.transaction.jta.platform.internal.NoJtaPlatform]
2026-02-13 13:11:44.284  INFO 10416 --- [restartedMain] j.LocalContainerEntityManagerFactoryBean : Initialized JPA EntityManagerFactory for persistence unit 'default'
2026-02-13 13:11:44.457  WARN 10416 --- [restartedMain] JpaBaseConfiguration$JpaWebConfiguration : spring.jpa.open-in-view is enabled by default. Therefore, database queries may be performed during view rendering. Explicitly configure spring.jpa.open-in-view to disable this warning
2026-02-13 13:11:45.575  WARN 10416 --- [restartedMain] o.s.b.d.a.OptionalLiveReloadServer       : Unable to start LiveReload server
2026-02-13 13:11:46.314  INFO 10416 --- [restartedMain] DiscoveryClientOptionalArgsConfiguration : Eureka HTTP Client uses Jersey
2026-02-13 13:11:46.365  WARN 10416 --- [restartedMain] iguration$LoadBalancerCaffeineWarnLogger : Spring Cloud LoadBalancer is currently working with the default cache. While this cache implementation is useful for development and tests, it's recommended to use Caffeine cache in production.You can switch to using Caffeine cache, by adding it and org.springframework.cache.caffeine.CaffeineCacheManager to the classpath.
2026-02-13 13:11:46.365  INFO 10416 --- [restartedMain] o.s.b.a.e.web.EndpointLinksResolver      : Exposing 1 endpoint(s) beneath base path '/actuator'
2026-02-13 13:11:46.423  INFO 10416 --- [restartedMain] o.s.c.n.eureka.InstanceInfoFactory       : Setting initial instance status as: STARTING
2026-02-13 13:11:46.423  INFO 10416 --- [restartedMain] com.netflix.discovery.DiscoveryClient    : Initializing Eureka in region us-east-1
2026-02-13 13:11:46.439  INFO 10416 --- [restartedMain] c.n.d.provider.DiscoveryJerseyProvider   : Using JSON encoding codec LegacyJacksonJson
2026-02-13 13:11:46.439  INFO 10416 --- [restartedMain] c.n.d.provider.DiscoveryJerseyProvider   : Using JSON decoding codec LegacyJacksonJson
2026-02-13 13:11:46.439  INFO 10416 --- [restartedMain] c.n.d.provider.DiscoveryJerseyProvider   : Using XML encoding codec XStreamXml
2026-02-13 13:11:46.439  INFO 10416 --- [restartedMain] c.n.d.provider.DiscoveryJerseyProvider   : Using XML decoding codec XStreamXml
2026-02-13 13:11:46.518  INFO 10416 --- [restartedMain] c.n.d.s.r.aws.ConfigClusterResolver      : Resolving eureka endpoints via configuration
2026-02-13 13:11:46.518  INFO 10416 --- [restartedMain] com.netflix.discovery.DiscoveryClient    : Disable delta property : false
2026-02-13 13:11:46.518  INFO 10416 --- [restartedMain] com.netflix.discovery.DiscoveryClient    : Single vip registry refresh property : null
2026-02-13 13:11:46.518  INFO 10416 --- [restartedMain] com.netflix.discovery.DiscoveryClient    : Force full registry fetch : false
2026-02-13 13:11:46.518  INFO 10416 --- [restartedMain] com.netflix.discovery.DiscoveryClient    : Application is null : false
2026-02-13 13:11:46.518  INFO 10416 --- [restartedMain] com.netflix.discovery.DiscoveryClient    : Registered Applications size is zero : true
2026-02-13 13:11:46.518  INFO 10416 --- [restartedMain] com.netflix.discovery.DiscoveryClient    : Application version is -1: true
2026-02-13 13:11:46.518  INFO 10416 --- [restartedMain] com.netflix.discovery.DiscoveryClient    : Getting all instance registry info from the eureka server
2026-02-13 13:11:46.534  INFO 10416 --- [restartedMain] com.netflix.discovery.DiscoveryClient    : The response status is 200
2026-02-13 13:11:46.534  INFO 10416 --- [restartedMain] com.netflix.discovery.DiscoveryClient    : Starting heartbeat executor: renew interval is: 30
2026-02-13 13:11:46.534  INFO 10416 --- [restartedMain] c.n.discovery.InstanceInfoReplicator     : InstanceInfoReplicator onDemand update allowed rate per min is 4
2026-02-13 13:11:46.534  INFO 10416 --- [restartedMain] com.netflix.discovery.DiscoveryClient    : Discovery Client initialized at timestamp 1770968506534 with initial instances count: 1
2026-02-13 13:11:46.534  INFO 10416 --- [restartedMain] o.s.c.n.e.s.EurekaServiceRegistry        : Registering application CUSTOMERSERVICE with eureka with status UP
2026-02-13 13:11:46.534  INFO 10416 --- [restartedMain] com.netflix.discovery.DiscoveryClient    : Saw local status change event StatusChangeEvent [timestamp=1770968506534, current=UP, previous=STARTING]
2026-02-13 13:11:46.534  INFO 10416 --- [DiscoveryClient-InstanceInfoReplicator-0] com.netflix.discovery.DiscoveryClient    : DiscoveryClient_CUSTOMERSERVICE/Sudarshan:CustomerService:3001: registering service...
2026-02-13 13:11:46.534  INFO 10416 --- [restartedMain] o.s.b.w.embedded.tomcat.TomcatWebServer  : Tomcat started on port(s): 3001 (http) with context path ''
2026-02-13 13:11:46.550  INFO 10416 --- [restartedMain] .s.c.n.e.s.EurekaAutoServiceRegistration : Updating port to 3001
2026-02-13 13:11:46.555  INFO 10416 --- [DiscoveryClient-InstanceInfoReplicator-0] com.netflix.discovery.DiscoveryClient    : DiscoveryClient_CUSTOMERSERVICE/Sudarshan:CustomerService:3001 - registration status: 204
2026-02-13 13:11:47.302  INFO 10416 --- [restartedMain] c.l.l.c.CustomerServiceApplication       : Started CustomerServiceApplication in 5.275 seconds (JVM running for 225.94)
2026-02-13 13:11:47.311  INFO 10416 --- [restartedMain] .ConditionEvaluationDeltaLoggingListener : Condition evaluation unchanged
2026-02-13 13:11:58.930  INFO 10416 --- [http-nio-3001-exec-2] o.a.c.c.C.[Tomcat].[localhost].[/]       : Initializing Spring DispatcherServlet 'dispatcherServlet'
2026-02-13 13:11:58.930  INFO 10416 --- [http-nio-3001-exec-2] o.s.web.servlet.DispatcherServlet        : Initializing Servlet 'dispatcherServlet'
2026-02-13 13:11:58.939  INFO 10416 --- [http-nio-3001-exec-2] o.s.web.servlet.DispatcherServlet        : Completed initialization in 9 ms
2026-02-13 13:11:58.946  INFO 10416 --- [http-nio-3001-exec-2] c.l.l.c.controller.RegisterController    : In Customer Controller Start
2026-02-13 13:11:58.946  INFO 10416 --- [http-nio-3001-exec-2] c.l.l.c.service.CustomerServiceImpl      : In customer impl getting by email start
2026-02-13 13:11:58.969  INFO 10416 --- [http-nio-3001-exec-2] c.l.l.c.service.CustomerServiceImpl      : Customer found with email: sudarshantakate@gmail.com
2026-02-13 13:11:58.969  INFO 10416 --- [http-nio-3001-exec-2] c.l.l.c.controller.RegisterController    : In Customer Controller End
2026-02-13 13:12:17.725  INFO 10416 --- [RMI TCP Connection(2)-127.0.0.1] inMXBeanRegistrar$SpringApplicationAdmin : Application shutdown requested.
2026-02-13 13:12:17.728  INFO 10416 --- [RMI TCP Connection(2)-127.0.0.1] o.s.c.n.e.s.EurekaServiceRegistry        : Unregistering application CUSTOMERSERVICE with eureka with status DOWN
2026-02-13 13:12:17.729  INFO 10416 --- [RMI TCP Connection(2)-127.0.0.1] com.netflix.discovery.DiscoveryClient    : Saw local status change event StatusChangeEvent [timestamp=1770968537729, current=DOWN, previous=UP]
2026-02-13 13:12:17.729  INFO 10416 --- [DiscoveryClient-InstanceInfoReplicator-0] com.netflix.discovery.DiscoveryClient    : DiscoveryClient_CUSTOMERSERVICE/Sudarshan:CustomerService:3001: registering service...
2026-02-13 13:12:17.746  INFO 10416 --- [DiscoveryClient-InstanceInfoReplicator-0] com.netflix.discovery.DiscoveryClient    : DiscoveryClient_CUSTOMERSERVICE/Sudarshan:CustomerService:3001 - registration status: 204
2026-02-13 13:12:18.338  INFO 10416 --- [RMI TCP Connection(2)-127.0.0.1] o.apache.catalina.core.StandardService   : Stopping service [Tomcat]
2026-02-13 13:12:18.338  INFO 10416 --- [RMI TCP Connection(2)-127.0.0.1] o.a.c.c.C.[Tomcat].[localhost].[/]       : Destroying Spring FrameworkServlet 'dispatcherServlet'
2026-02-13 13:12:18.351  INFO 10416 --- [RMI TCP Connection(2)-127.0.0.1] j.LocalContainerEntityManagerFactoryBean : Closing JPA EntityManagerFactory for persistence unit 'default'
2026-02-13 13:12:18.353  INFO 10416 --- [RMI TCP Connection(2)-127.0.0.1] com.zaxxer.hikari.HikariDataSource       : HikariPool-2 - Shutdown initiated...
2026-02-13 13:12:18.377  INFO 10416 --- [RMI TCP Connection(2)-127.0.0.1] com.zaxxer.hikari.HikariDataSource       : HikariPool-2 - Shutdown completed.
2026-02-13 13:12:18.379  INFO 10416 --- [RMI TCP Connection(2)-127.0.0.1] com.netflix.discovery.DiscoveryClient    : Shutting down DiscoveryClient ...
2026-02-13 13:12:21.384  INFO 10416 --- [RMI TCP Connection(2)-127.0.0.1] com.netflix.discovery.DiscoveryClient    : Unregistering ...
2026-02-13 13:12:21.408  INFO 10416 --- [RMI TCP Connection(2)-127.0.0.1] com.netflix.discovery.DiscoveryClient    : DiscoveryClient_CUSTOMERSERVICE/Sudarshan:CustomerService:3001 - deregister  status: 200
2026-02-13 13:12:21.422  INFO 10416 --- [RMI TCP Connection(2)-127.0.0.1] com.netflix.discovery.DiscoveryClient    : Completed shut down of DiscoveryClient
